[0.052s] DEBUG:colcon:Command line arguments: ['/usr/bin/colcon', 'build']
[0.052s] DEBUG:colcon:Parsed command line arguments: Namespace(log_base=None, log_level=None, verb_name='build', build_base='build', install_base='install', merge_install=False, symlink_install=False, test_result_base=None, continue_on_error=False, executor='parallel', parallel_workers=32, event_handlers=None, ignore_user_meta=False, metas=['./colcon.meta'], base_paths=['.'], packages_ignore=None, packages_ignore_regex=None, paths=None, packages_up_to=None, packages_up_to_regex=None, packages_above=None, packages_above_and_dependencies=None, packages_above_depth=None, packages_select_by_dep=None, packages_skip_by_dep=None, packages_skip_up_to=None, packages_select_build_failed=False, packages_skip_build_finished=False, packages_select_test_failures=False, packages_skip_test_passed=False, packages_select=None, packages_skip=None, packages_select_regex=None, packages_skip_regex=None, packages_start=None, packages_end=None, allow_overriding=[], cmake_args=None, cmake_target=None, cmake_target_skip_unavailable=False, cmake_clean_cache=False, cmake_clean_first=False, cmake_force_configure=False, ament_cmake_args=None, catkin_cmake_args=None, catkin_skip_building_tests=False, mixin_files=None, mixin=None, verb_parser=<colcon_mixin.mixin.mixin_argument.MixinArgumentDecorator object at 0x74b363aa8fe0>, verb_extension=<colcon_core.verb.build.BuildVerb object at 0x74b363bd92b0>, main=<bound method BuildVerb.main of <colcon_core.verb.build.BuildVerb object at 0x74b363bd92b0>>, mixin_verb=('build',))
[0.072s] Level 1:colcon.colcon_core.package_discovery:discover_packages(colcon_meta) check parameters
[0.072s] Level 1:colcon.colcon_core.package_discovery:discover_packages(recursive) check parameters
[0.072s] Level 1:colcon.colcon_core.package_discovery:discover_packages(ignore) check parameters
[0.072s] Level 1:colcon.colcon_core.package_discovery:discover_packages(path) check parameters
[0.072s] Level 1:colcon.colcon_core.package_discovery:discover_packages(colcon_meta) discover
[0.072s] Level 1:colcon.colcon_core.package_discovery:discover_packages(recursive) discover
[0.072s] INFO:colcon.colcon_core.package_discovery:Crawling recursively for packages in '/home/mig/simulator/colcon_ws/src/battery'
[0.072s] Level 1:colcon.colcon_core.package_identification:_identify(.) by extensions ['ignore', 'ignore_ament_install']
[0.072s] Level 1:colcon.colcon_core.package_identification:_identify(.) by extension 'ignore'
[0.072s] Level 1:colcon.colcon_core.package_identification:_identify(.) by extension 'ignore_ament_install'
[0.072s] Level 1:colcon.colcon_core.package_identification:_identify(.) by extensions ['colcon_pkg']
[0.072s] Level 1:colcon.colcon_core.package_identification:_identify(.) by extension 'colcon_pkg'
[0.072s] Level 1:colcon.colcon_core.package_identification:_identify(.) by extensions ['colcon_meta']
[0.072s] Level 1:colcon.colcon_core.package_identification:_identify(.) by extension 'colcon_meta'
[0.072s] Level 1:colcon.colcon_core.package_identification:_identify(.) by extensions ['ros']
[0.072s] Level 1:colcon.colcon_core.package_identification:_identify(.) by extension 'ros'
[0.087s] DEBUG:colcon.colcon_core.package_identification:Package '.' with type 'ros.ament_cmake' and name 'battery'
[0.087s] Level 1:colcon.colcon_core.package_discovery:discover_packages(recursive) using defaults
[0.087s] Level 1:colcon.colcon_core.package_discovery:discover_packages(ignore) discover
[0.087s] Level 1:colcon.colcon_core.package_discovery:discover_packages(ignore) using defaults
[0.087s] Level 1:colcon.colcon_core.package_discovery:discover_packages(path) discover
[0.087s] Level 1:colcon.colcon_core.package_discovery:discover_packages(path) using defaults
[0.096s] Level 1:colcon.colcon_core.package_discovery:discover_packages(prefix_path) check parameters
[0.096s] Level 1:colcon.colcon_core.package_discovery:discover_packages(prefix_path) discover
[0.097s] DEBUG:colcon.colcon_installed_package_information.package_discovery:Found 7 installed packages in /home/mig/simulator/colcon_ws/install
[0.098s] DEBUG:colcon.colcon_installed_package_information.package_discovery:Found 286 installed packages in /opt/ros/jazzy
[0.098s] Level 1:colcon.colcon_core.package_discovery:discover_packages(prefix_path) using defaults
[0.115s] Level 5:colcon.colcon_core.verb:set package 'battery' build argument 'cmake_args' from command line to 'None'
[0.115s] Level 5:colcon.colcon_core.verb:set package 'battery' build argument 'cmake_target' from command line to 'None'
[0.115s] Level 5:colcon.colcon_core.verb:set package 'battery' build argument 'cmake_target_skip_unavailable' from command line to 'False'
[0.115s] Level 5:colcon.colcon_core.verb:set package 'battery' build argument 'cmake_clean_cache' from command line to 'False'
[0.115s] Level 5:colcon.colcon_core.verb:set package 'battery' build argument 'cmake_clean_first' from command line to 'False'
[0.115s] Level 5:colcon.colcon_core.verb:set package 'battery' build argument 'cmake_force_configure' from command line to 'False'
[0.115s] Level 5:colcon.colcon_core.verb:set package 'battery' build argument 'ament_cmake_args' from command line to 'None'
[0.115s] Level 5:colcon.colcon_core.verb:set package 'battery' build argument 'catkin_cmake_args' from command line to 'None'
[0.115s] Level 5:colcon.colcon_core.verb:set package 'battery' build argument 'catkin_skip_building_tests' from command line to 'False'
[0.115s] DEBUG:colcon.colcon_core.verb:Building package 'battery' with the following arguments: {'ament_cmake_args': None, 'build_base': '/home/mig/simulator/colcon_ws/src/battery/build/battery', 'catkin_cmake_args': None, 'catkin_skip_building_tests': False, 'cmake_args': None, 'cmake_clean_cache': False, 'cmake_clean_first': False, 'cmake_force_configure': False, 'cmake_target': None, 'cmake_target_skip_unavailable': False, 'install_base': '/home/mig/simulator/colcon_ws/src/battery/install/battery', 'merge_install': False, 'path': '/home/mig/simulator/colcon_ws/src/battery', 'symlink_install': False, 'test_result_base': None}
[0.115s] INFO:colcon.colcon_core.executor:Executing jobs using 'parallel' executor
[0.116s] DEBUG:colcon.colcon_parallel_executor.executor.parallel:run_until_complete
[0.116s] INFO:colcon.colcon_ros.task.ament_cmake.build:Building ROS package in '/home/mig/simulator/colcon_ws/src/battery' with build type 'ament_cmake'
[0.116s] INFO:colcon.colcon_cmake.task.cmake.build:Building CMake package in '/home/mig/simulator/colcon_ws/src/battery'
[0.117s] INFO:colcon.colcon_core.plugin_system:Skipping extension 'colcon_core.shell.bat': Not used on non-Windows systems
[0.117s] INFO:colcon.colcon_core.shell:Skip shell extension 'powershell' for command environment: Not usable outside of PowerShell
[0.117s] DEBUG:colcon.colcon_core.shell:Skip shell extension 'dsv' for command environment
[0.122s] DEBUG:colcon.colcon_core.event_handler.log_command:Invoking command in '/home/mig/simulator/colcon_ws/src/battery/build/battery': CMAKE_PREFIX_PATH=${CMAKE_PREFIX_PATH}:/home/mig/simulator/colcon_ws/install/v4l2ros2:/opt/ros/jazzy DEBUGINFOD_URLS=https://debuginfod.ubuntu.com /usr/bin/cmake /home/mig/simulator/colcon_ws/src/battery -DCMAKE_INSTALL_PREFIX=/home/mig/simulator/colcon_ws/src/battery/install/battery
[0.428s] DEBUG:colcon.colcon_core.event_handler.log_command:Invoked command in '/home/mig/simulator/colcon_ws/src/battery/build/battery' returned '1': CMAKE_PREFIX_PATH=${CMAKE_PREFIX_PATH}:/home/mig/simulator/colcon_ws/install/v4l2ros2:/opt/ros/jazzy DEBUGINFOD_URLS=https://debuginfod.ubuntu.com /usr/bin/cmake /home/mig/simulator/colcon_ws/src/battery -DCMAKE_INSTALL_PREFIX=/home/mig/simulator/colcon_ws/src/battery/install/battery
[0.435s] Level 1:colcon.colcon_core.environment:create_environment_scripts_only(battery)
[0.436s] Level 1:colcon.colcon_core.environment:checking '/home/mig/simulator/colcon_ws/src/battery/install/battery' for CMake module files
[0.437s] Level 1:colcon.colcon_core.environment:checking '/home/mig/simulator/colcon_ws/src/battery/install/battery' for CMake config files
[0.437s] Level 1:colcon.colcon_core.environment:checking '/home/mig/simulator/colcon_ws/src/battery/install/battery/bin'
[0.437s] Level 1:colcon.colcon_core.environment:checking '/home/mig/simulator/colcon_ws/src/battery/install/battery/lib/pkgconfig/battery.pc'
[0.437s] Level 1:colcon.colcon_core.environment:checking '/home/mig/simulator/colcon_ws/src/battery/install/battery/lib/python3.12/site-packages'
[0.437s] Level 1:colcon.colcon_core.environment:checking '/home/mig/simulator/colcon_ws/src/battery/install/battery/bin'
[0.437s] INFO:colcon.colcon_core.shell:Creating package script '/home/mig/simulator/colcon_ws/src/battery/install/battery/share/battery/package.ps1'
[0.438s] INFO:colcon.colcon_core.shell:Creating package descriptor '/home/mig/simulator/colcon_ws/src/battery/install/battery/share/battery/package.dsv'
[0.438s] INFO:colcon.colcon_core.shell:Creating package script '/home/mig/simulator/colcon_ws/src/battery/install/battery/share/battery/package.sh'
[0.438s] INFO:colcon.colcon_core.shell:Creating package script '/home/mig/simulator/colcon_ws/src/battery/install/battery/share/battery/package.bash'
[0.438s] INFO:colcon.colcon_core.shell:Creating package script '/home/mig/simulator/colcon_ws/src/battery/install/battery/share/battery/package.zsh'
[0.438s] Level 1:colcon.colcon_core.environment:create_file_with_runtime_dependencies(/home/mig/simulator/colcon_ws/src/battery/install/battery/share/colcon-core/packages/battery)
[0.449s] DEBUG:colcon.colcon_parallel_executor.executor.parallel:closing loop
[0.449s] DEBUG:colcon.colcon_parallel_executor.executor.parallel:loop closed
[0.449s] DEBUG:colcon.colcon_parallel_executor.executor.parallel:run_until_complete finished with '1'
[0.449s] DEBUG:colcon.colcon_core.event_reactor:joining thread
[0.452s] INFO:colcon.colcon_core.plugin_system:Skipping extension 'colcon_notification.desktop_notification.terminal_notifier': Not used on non-Darwin systems
[0.452s] INFO:colcon.colcon_core.plugin_system:Skipping extension 'colcon_notification.desktop_notification.win32': Not used on non-Windows systems
[0.452s] INFO:colcon.colcon_notification.desktop_notification:Sending desktop notification using 'notify2'
[0.460s] DEBUG:colcon.colcon_core.event_reactor:joined thread
[0.460s] INFO:colcon.colcon_core.shell:Creating prefix script '/home/mig/simulator/colcon_ws/src/battery/install/local_setup.ps1'
[0.460s] INFO:colcon.colcon_core.shell:Creating prefix util module '/home/mig/simulator/colcon_ws/src/battery/install/_local_setup_util_ps1.py'
[0.461s] INFO:colcon.colcon_core.shell:Creating prefix chain script '/home/mig/simulator/colcon_ws/src/battery/install/setup.ps1'
[0.461s] INFO:colcon.colcon_core.shell:Creating prefix script '/home/mig/simulator/colcon_ws/src/battery/install/local_setup.sh'
[0.461s] INFO:colcon.colcon_core.shell:Creating prefix util module '/home/mig/simulator/colcon_ws/src/battery/install/_local_setup_util_sh.py'
[0.462s] INFO:colcon.colcon_core.shell:Creating prefix chain script '/home/mig/simulator/colcon_ws/src/battery/install/setup.sh'
[0.462s] INFO:colcon.colcon_core.shell:Creating prefix script '/home/mig/simulator/colcon_ws/src/battery/install/local_setup.bash'
[0.462s] INFO:colcon.colcon_core.shell:Creating prefix chain script '/home/mig/simulator/colcon_ws/src/battery/install/setup.bash'
[0.463s] INFO:colcon.colcon_core.shell:Creating prefix script '/home/mig/simulator/colcon_ws/src/battery/install/local_setup.zsh'
[0.463s] INFO:colcon.colcon_core.shell:Creating prefix chain script '/home/mig/simulator/colcon_ws/src/battery/install/setup.zsh'
