[0.005s] Invoking command in '/home/mig/simulator/colcon_ws/src/battery/build/battery': CMAKE_PREFIX_PATH=${CMAKE_PREFIX_PATH}:/home/mig/simulator/colcon_ws/install/v4l2ros2:/opt/ros/jazzy DEBUGINFOD_URLS=https://debuginfod.ubuntu.com /usr/bin/cmake /home/mig/simulator/colcon_ws/src/battery -DCMAKE_INSTALL_PREFIX=/home/mig/simulator/colcon_ws/src/battery/install/battery
[0.012s] -- Found ament_cmake: 2.5.4 (/opt/ros/jazzy/share/ament_cmake/cmake)
[0.133s] -- Found rclcpp: 28.1.13 (/opt/ros/jazzy/share/rclcpp/cmake)
[0.149s] -- Found rosidl_generator_c: 4.6.6 (/opt/ros/jazzy/share/rosidl_generator_c/cmake)
[0.153s] -- Found rosidl_generator_cpp: 4.6.6 (/opt/ros/jazzy/share/rosidl_generator_cpp/cmake)
[0.159s] -- Using all available rosidl_typesupport_c: rosidl_typesupport_fastrtps_c;rosidl_typesupport_introspection_c
[0.167s] -- Using all available rosidl_typesupport_cpp: rosidl_typesupport_fastrtps_cpp;rosidl_typesupport_introspection_cpp
[0.200s] -- Found rmw_implementation_cmake: 7.3.2 (/opt/ros/jazzy/share/rmw_implementation_cmake/cmake)
[0.201s] -- Found rmw_cyclonedds_cpp: 2.2.3 (/opt/ros/jazzy/share/rmw_cyclonedds_cpp/cmake)
[0.213s] -- Using RMW implementation 'rmw_cyclonedds_cpp' as default
[0.245s] -- Found std_msgs: 5.3.6 (/opt/ros/jazzy/share/std_msgs/cmake)
[0.305s] -- Configuring done (0.3s)
[0.306s] [31mCMake Error at CMakeLists.txt:17 (add_executable):
[0.306s]   Cannot find source file:
[0.306s] 
[0.306s]     src/battery/src/subscriber.cpp
[0.306s] 
[0.306s]   Tried extensions .c .C .c++ .cc .cpp .cxx .cu .mpp .m .M .mm .ixx .cppm
[0.306s]   .ccm .cxxm .c++m .h .hh .h++ .hm .hpp .hxx .in .txx .f .F .for .f77 .f90
[0.306s]   .f95 .f03 .hip .ispc
[0.306s] 
[0.306s] [0m
[0.307s] [31mCMake Error at CMakeLists.txt:17 (add_executable):
[0.307s]   No SOURCES given to target: listener
[0.307s] 
[0.307s] [0m
[0.307s] [0mCMake Generate step failed.  Build files cannot be regenerated correctly.[0m
[0.312s] Invoked command in '/home/mig/simulator/colcon_ws/src/battery/build/battery' returned '1': CMAKE_PREFIX_PATH=${CMAKE_PREFIX_PATH}:/home/mig/simulator/colcon_ws/install/v4l2ros2:/opt/ros/jazzy DEBUGINFOD_URLS=https://debuginfod.ubuntu.com /usr/bin/cmake /home/mig/simulator/colcon_ws/src/battery -DCMAKE_INSTALL_PREFIX=/home/mig/simulator/colcon_ws/src/battery/install/battery
