[0.049s] DEBUG:colcon:Command line arguments: ['/usr/bin/colcon', 'build']
[0.049s] DEBUG:colcon:Parsed command line arguments: Namespace(log_base=None, log_level=None, verb_name='build', build_base='build', install_base='install', merge_install=False, symlink_install=False, test_result_base=None, continue_on_error=False, executor='parallel', parallel_workers=32, event_handlers=None, ignore_user_meta=False, metas=['./colcon.meta'], base_paths=['.'], packages_ignore=None, packages_ignore_regex=None, paths=None, packages_up_to=None, packages_up_to_regex=None, packages_above=None, packages_above_and_dependencies=None, packages_above_depth=None, packages_select_by_dep=None, packages_skip_by_dep=None, packages_skip_up_to=None, packages_select_build_failed=False, packages_skip_build_finished=False, packages_select_test_failures=False, packages_skip_test_passed=False, packages_select=None, packages_skip=None, packages_select_regex=None, packages_skip_regex=None, packages_start=None, packages_end=None, allow_overriding=[], cmake_args=None, cmake_target=None, cmake_target_skip_unavailable=False, cmake_clean_cache=False, cmake_clean_first=False, cmake_force_configure=False, ament_cmake_args=None, catkin_cmake_args=None, catkin_skip_building_tests=False, mixin_files=None, mixin=None, verb_parser=<colcon_mixin.mixin.mixin_argument.MixinArgumentDecorator object at 0x711215998ec0>, verb_extension=<colcon_core.verb.build.BuildVerb object at 0x711215ac93d0>, main=<bound method BuildVerb.main of <colcon_core.verb.build.BuildVerb object at 0x711215ac93d0>>, mixin_verb=('build',))
[0.068s] Level 1:colcon.colcon_core.package_discovery:discover_packages(colcon_meta) check parameters
[0.068s] Level 1:colcon.colcon_core.package_discovery:discover_packages(recursive) check parameters
[0.068s] Level 1:colcon.colcon_core.package_discovery:discover_packages(ignore) check parameters
[0.068s] Level 1:colcon.colcon_core.package_discovery:discover_packages(path) check parameters
[0.068s] Level 1:colcon.colcon_core.package_discovery:discover_packages(colcon_meta) discover
[0.068s] Level 1:colcon.colcon_core.package_discovery:discover_packages(recursive) discover
[0.068s] INFO:colcon.colcon_core.package_discovery:Crawling recursively for packages in '/home/mig/simulator/colcon_ws/src/battery'
[0.068s] Level 1:colcon.colcon_core.package_identification:_identify(.) by extensions ['ignore', 'ignore_ament_install']
[0.068s] Level 1:colcon.colcon_core.package_identification:_identify(.) by extension 'ignore'
[0.068s] Level 1:colcon.colcon_core.package_identification:_identify(.) by extension 'ignore_ament_install'
[0.068s] Level 1:colcon.colcon_core.package_identification:_identify(.) by extensions ['colcon_pkg']
[0.068s] Level 1:colcon.colcon_core.package_identification:_identify(.) by extension 'colcon_pkg'
[0.068s] Level 1:colcon.colcon_core.package_identification:_identify(.) by extensions ['colcon_meta']
[0.068s] Level 1:colcon.colcon_core.package_identification:_identify(.) by extension 'colcon_meta'
[0.068s] Level 1:colcon.colcon_core.package_identification:_identify(.) by extensions ['ros']
[0.068s] Level 1:colcon.colcon_core.package_identification:_identify(.) by extension 'ros'
[0.082s] DEBUG:colcon.colcon_core.package_identification:Package '.' with type 'ros.ament_cmake' and name 'battery'
[0.082s] Level 1:colcon.colcon_core.package_discovery:discover_packages(recursive) using defaults
[0.082s] Level 1:colcon.colcon_core.package_discovery:discover_packages(ignore) discover
[0.082s] Level 1:colcon.colcon_core.package_discovery:discover_packages(ignore) using defaults
[0.082s] Level 1:colcon.colcon_core.package_discovery:discover_packages(path) discover
[0.082s] Level 1:colcon.colcon_core.package_discovery:discover_packages(path) using defaults
[0.091s] Level 1:colcon.colcon_core.package_discovery:discover_packages(prefix_path) check parameters
[0.092s] Level 1:colcon.colcon_core.package_discovery:discover_packages(prefix_path) discover
[0.092s] DEBUG:colcon.colcon_installed_package_information.package_discovery:Found 7 installed packages in /home/mig/simulator/colcon_ws/install
[0.093s] DEBUG:colcon.colcon_installed_package_information.package_discovery:Found 286 installed packages in /opt/ros/jazzy
[0.093s] Level 1:colcon.colcon_core.package_discovery:discover_packages(prefix_path) using defaults
[0.114s] Level 5:colcon.colcon_core.verb:set package 'battery' build argument 'cmake_args' from command line to 'None'
[0.114s] Level 5:colcon.colcon_core.verb:set package 'battery' build argument 'cmake_target' from command line to 'None'
[0.114s] Level 5:colcon.colcon_core.verb:set package 'battery' build argument 'cmake_target_skip_unavailable' from command line to 'False'
[0.114s] Level 5:colcon.colcon_core.verb:set package 'battery' build argument 'cmake_clean_cache' from command line to 'False'
[0.114s] Level 5:colcon.colcon_core.verb:set package 'battery' build argument 'cmake_clean_first' from command line to 'False'
[0.114s] Level 5:colcon.colcon_core.verb:set package 'battery' build argument 'cmake_force_configure' from command line to 'False'
[0.114s] Level 5:colcon.colcon_core.verb:set package 'battery' build argument 'ament_cmake_args' from command line to 'None'
[0.114s] Level 5:colcon.colcon_core.verb:set package 'battery' build argument 'catkin_cmake_args' from command line to 'None'
[0.114s] Level 5:colcon.colcon_core.verb:set package 'battery' build argument 'catkin_skip_building_tests' from command line to 'False'
[0.114s] DEBUG:colcon.colcon_core.verb:Building package 'battery' with the following arguments: {'ament_cmake_args': None, 'build_base': '/home/mig/simulator/colcon_ws/src/battery/build/battery', 'catkin_cmake_args': None, 'catkin_skip_building_tests': False, 'cmake_args': None, 'cmake_clean_cache': False, 'cmake_clean_first': False, 'cmake_force_configure': False, 'cmake_target': None, 'cmake_target_skip_unavailable': False, 'install_base': '/home/mig/simulator/colcon_ws/src/battery/install/battery', 'merge_install': False, 'path': '/home/mig/simulator/colcon_ws/src/battery', 'symlink_install': False, 'test_result_base': None}
[0.114s] INFO:colcon.colcon_core.executor:Executing jobs using 'parallel' executor
[0.115s] DEBUG:colcon.colcon_parallel_executor.executor.parallel:run_until_complete
[0.115s] INFO:colcon.colcon_ros.task.ament_cmake.build:Building ROS package in '/home/mig/simulator/colcon_ws/src/battery' with build type 'ament_cmake'
[0.115s] INFO:colcon.colcon_cmake.task.cmake.build:Building CMake package in '/home/mig/simulator/colcon_ws/src/battery'
[0.116s] INFO:colcon.colcon_core.plugin_system:Skipping extension 'colcon_core.shell.bat': Not used on non-Windows systems
[0.116s] INFO:colcon.colcon_core.shell:Skip shell extension 'powershell' for command environment: Not usable outside of PowerShell
[0.116s] DEBUG:colcon.colcon_core.shell:Skip shell extension 'dsv' for command environment
[0.122s] DEBUG:colcon.colcon_core.event_handler.log_command:Invoking command in '/home/mig/simulator/colcon_ws/src/battery/build/battery': CMAKE_PREFIX_PATH=${CMAKE_PREFIX_PATH}:/home/mig/simulator/colcon_ws/install/v4l2ros2:/opt/ros/jazzy DEBUGINFOD_URLS=https://debuginfod.ubuntu.com /usr/bin/cmake --build /home/mig/simulator/colcon_ws/src/battery/build/battery -- -j32 -l32
[3.825s] DEBUG:colcon.colcon_core.event_handler.log_command:Invoked command in '/home/mig/simulator/colcon_ws/src/battery/build/battery' returned '0': CMAKE_PREFIX_PATH=${CMAKE_PREFIX_PATH}:/home/mig/simulator/colcon_ws/install/v4l2ros2:/opt/ros/jazzy DEBUGINFOD_URLS=https://debuginfod.ubuntu.com /usr/bin/cmake --build /home/mig/simulator/colcon_ws/src/battery/build/battery -- -j32 -l32
[3.831s] DEBUG:colcon.colcon_core.event_handler.log_command:Invoking command in '/home/mig/simulator/colcon_ws/src/battery/build/battery': CMAKE_PREFIX_PATH=${CMAKE_PREFIX_PATH}:/home/mig/simulator/colcon_ws/install/v4l2ros2:/opt/ros/jazzy DEBUGINFOD_URLS=https://debuginfod.ubuntu.com /usr/bin/cmake --install /home/mig/simulator/colcon_ws/src/battery/build/battery
[3.838s] Level 1:colcon.colcon_core.environment:create_environment_scripts_only(battery)
[3.838s] DEBUG:colcon.colcon_core.event_handler.log_command:Invoked command in '/home/mig/simulator/colcon_ws/src/battery/build/battery' returned '0': CMAKE_PREFIX_PATH=${CMAKE_PREFIX_PATH}:/home/mig/simulator/colcon_ws/install/v4l2ros2:/opt/ros/jazzy DEBUGINFOD_URLS=https://debuginfod.ubuntu.com /usr/bin/cmake --install /home/mig/simulator/colcon_ws/src/battery/build/battery
[3.839s] Level 1:colcon.colcon_core.environment:checking '/home/mig/simulator/colcon_ws/src/battery/install/battery' for CMake module files
[3.840s] Level 1:colcon.colcon_core.environment:checking '/home/mig/simulator/colcon_ws/src/battery/install/battery' for CMake config files
[3.840s] Level 1:colcon.colcon_core.shell:create_environment_hook('battery', 'cmake_prefix_path')
[3.840s] INFO:colcon.colcon_core.shell:Creating environment hook '/home/mig/simulator/colcon_ws/src/battery/install/battery/share/battery/hook/cmake_prefix_path.ps1'
[3.840s] INFO:colcon.colcon_core.shell:Creating environment descriptor '/home/mig/simulator/colcon_ws/src/battery/install/battery/share/battery/hook/cmake_prefix_path.dsv'
[3.840s] INFO:colcon.colcon_core.shell:Creating environment hook '/home/mig/simulator/colcon_ws/src/battery/install/battery/share/battery/hook/cmake_prefix_path.sh'
[3.840s] Level 1:colcon.colcon_core.environment:checking '/home/mig/simulator/colcon_ws/src/battery/install/battery/lib'
[3.841s] Level 1:colcon.colcon_core.environment:checking '/home/mig/simulator/colcon_ws/src/battery/install/battery/bin'
[3.841s] Level 1:colcon.colcon_core.environment:checking '/home/mig/simulator/colcon_ws/src/battery/install/battery/lib/pkgconfig/battery.pc'
[3.841s] Level 1:colcon.colcon_core.environment:checking '/home/mig/simulator/colcon_ws/src/battery/install/battery/lib/python3.12/site-packages'
[3.841s] Level 1:colcon.colcon_core.environment:checking '/home/mig/simulator/colcon_ws/src/battery/install/battery/bin'
[3.841s] INFO:colcon.colcon_core.shell:Creating package script '/home/mig/simulator/colcon_ws/src/battery/install/battery/share/battery/package.ps1'
[3.841s] INFO:colcon.colcon_core.shell:Creating package descriptor '/home/mig/simulator/colcon_ws/src/battery/install/battery/share/battery/package.dsv'
[3.841s] INFO:colcon.colcon_core.shell:Creating package script '/home/mig/simulator/colcon_ws/src/battery/install/battery/share/battery/package.sh'
[3.842s] INFO:colcon.colcon_core.shell:Creating package script '/home/mig/simulator/colcon_ws/src/battery/install/battery/share/battery/package.bash'
[3.842s] INFO:colcon.colcon_core.shell:Creating package script '/home/mig/simulator/colcon_ws/src/battery/install/battery/share/battery/package.zsh'
[3.842s] Level 1:colcon.colcon_core.environment:create_file_with_runtime_dependencies(/home/mig/simulator/colcon_ws/src/battery/install/battery/share/colcon-core/packages/battery)
[3.842s] Level 1:colcon.colcon_core.environment:create_environment_scripts_only(battery)
[3.842s] Level 1:colcon.colcon_core.environment:checking '/home/mig/simulator/colcon_ws/src/battery/install/battery' for CMake module files
[3.842s] Level 1:colcon.colcon_core.environment:checking '/home/mig/simulator/colcon_ws/src/battery/install/battery' for CMake config files
[3.843s] Level 1:colcon.colcon_core.shell:create_environment_hook('battery', 'cmake_prefix_path')
[3.843s] INFO:colcon.colcon_core.shell:Creating environment hook '/home/mig/simulator/colcon_ws/src/battery/install/battery/share/battery/hook/cmake_prefix_path.ps1'
[3.843s] INFO:colcon.colcon_core.shell:Creating environment descriptor '/home/mig/simulator/colcon_ws/src/battery/install/battery/share/battery/hook/cmake_prefix_path.dsv'
[3.843s] INFO:colcon.colcon_core.shell:Creating environment hook '/home/mig/simulator/colcon_ws/src/battery/install/battery/share/battery/hook/cmake_prefix_path.sh'
[3.843s] Level 1:colcon.colcon_core.environment:checking '/home/mig/simulator/colcon_ws/src/battery/install/battery/lib'
[3.843s] Level 1:colcon.colcon_core.environment:checking '/home/mig/simulator/colcon_ws/src/battery/install/battery/bin'
[3.843s] Level 1:colcon.colcon_core.environment:checking '/home/mig/simulator/colcon_ws/src/battery/install/battery/lib/pkgconfig/battery.pc'
[3.843s] Level 1:colcon.colcon_core.environment:checking '/home/mig/simulator/colcon_ws/src/battery/install/battery/lib/python3.12/site-packages'
[3.843s] Level 1:colcon.colcon_core.environment:checking '/home/mig/simulator/colcon_ws/src/battery/install/battery/bin'
[3.843s] INFO:colcon.colcon_core.shell:Creating package script '/home/mig/simulator/colcon_ws/src/battery/install/battery/share/battery/package.ps1'
[3.844s] INFO:colcon.colcon_core.shell:Creating package descriptor '/home/mig/simulator/colcon_ws/src/battery/install/battery/share/battery/package.dsv'
[3.844s] INFO:colcon.colcon_core.shell:Creating package script '/home/mig/simulator/colcon_ws/src/battery/install/battery/share/battery/package.sh'
[3.844s] INFO:colcon.colcon_core.shell:Creating package script '/home/mig/simulator/colcon_ws/src/battery/install/battery/share/battery/package.bash'
[3.844s] INFO:colcon.colcon_core.shell:Creating package script '/home/mig/simulator/colcon_ws/src/battery/install/battery/share/battery/package.zsh'
[3.844s] Level 1:colcon.colcon_core.environment:create_file_with_runtime_dependencies(/home/mig/simulator/colcon_ws/src/battery/install/battery/share/colcon-core/packages/battery)
[3.844s] DEBUG:colcon.colcon_parallel_executor.executor.parallel:closing loop
[3.845s] DEBUG:colcon.colcon_parallel_executor.executor.parallel:loop closed
[3.845s] DEBUG:colcon.colcon_parallel_executor.executor.parallel:run_until_complete finished with '0'
[3.845s] DEBUG:colcon.colcon_core.event_reactor:joining thread
[3.847s] INFO:colcon.colcon_core.plugin_system:Skipping extension 'colcon_notification.desktop_notification.terminal_notifier': Not used on non-Darwin systems
[3.847s] INFO:colcon.colcon_core.plugin_system:Skipping extension 'colcon_notification.desktop_notification.win32': Not used on non-Windows systems
[3.847s] INFO:colcon.colcon_notification.desktop_notification:Sending desktop notification using 'notify2'
[3.862s] DEBUG:colcon.colcon_core.event_reactor:joined thread
[3.862s] INFO:colcon.colcon_core.shell:Creating prefix script '/home/mig/simulator/colcon_ws/src/battery/install/local_setup.ps1'
[3.863s] INFO:colcon.colcon_core.shell:Creating prefix util module '/home/mig/simulator/colcon_ws/src/battery/install/_local_setup_util_ps1.py'
[3.863s] INFO:colcon.colcon_core.shell:Creating prefix chain script '/home/mig/simulator/colcon_ws/src/battery/install/setup.ps1'
[3.864s] INFO:colcon.colcon_core.shell:Creating prefix script '/home/mig/simulator/colcon_ws/src/battery/install/local_setup.sh'
[3.864s] INFO:colcon.colcon_core.shell:Creating prefix util module '/home/mig/simulator/colcon_ws/src/battery/install/_local_setup_util_sh.py'
[3.864s] INFO:colcon.colcon_core.shell:Creating prefix chain script '/home/mig/simulator/colcon_ws/src/battery/install/setup.sh'
[3.864s] INFO:colcon.colcon_core.shell:Creating prefix script '/home/mig/simulator/colcon_ws/src/battery/install/local_setup.bash'
[3.864s] INFO:colcon.colcon_core.shell:Creating prefix chain script '/home/mig/simulator/colcon_ws/src/battery/install/setup.bash'
[3.865s] INFO:colcon.colcon_core.shell:Creating prefix script '/home/mig/simulator/colcon_ws/src/battery/install/local_setup.zsh'
[3.865s] INFO:colcon.colcon_core.shell:Creating prefix chain script '/home/mig/simulator/colcon_ws/src/battery/install/setup.zsh'
