[ 50%] [32mBuilding CXX object CMakeFiles/listener.dir/src/subscriber.cpp.o[0m
[100%] [32m[1mLinking CXX executable listener[0m
[100%] Built target listener
-- Install configuration: ""
-- Installing: /home/mig/simulator/colcon_ws/src/battery/install/battery/lib/battery/listener
-- Set non-toolchain portion of runtime path of "/home/mig/simulator/colcon_ws/src/battery/install/battery/lib/battery/listener" to ""
-- Up-to-date: /home/mig/simulator/colcon_ws/src/battery/install/battery/share/ament_index/resource_index/package_run_dependencies/battery
-- Up-to-date: /home/mig/simulator/colcon_ws/src/battery/install/battery/share/ament_index/resource_index/parent_prefix_path/battery
-- Up-to-date: /home/mig/simulator/colcon_ws/src/battery/install/battery/share/battery/environment/ament_prefix_path.sh
-- Up-to-date: /home/mig/simulator/colcon_ws/src/battery/install/battery/share/battery/environment/ament_prefix_path.dsv
-- Up-to-date: /home/mig/simulator/colcon_ws/src/battery/install/battery/share/battery/environment/path.sh
-- Up-to-date: /home/mig/simulator/colcon_ws/src/battery/install/battery/share/battery/environment/path.dsv
-- Up-to-date: /home/mig/simulator/colcon_ws/src/battery/install/battery/share/battery/local_setup.bash
-- Up-to-date: /home/mig/simulator/colcon_ws/src/battery/install/battery/share/battery/local_setup.sh
-- Up-to-date: /home/mig/simulator/colcon_ws/src/battery/install/battery/share/battery/local_setup.zsh
-- Up-to-date: /home/mig/simulator/colcon_ws/src/battery/install/battery/share/battery/local_setup.dsv
-- Installing: /home/mig/simulator/colcon_ws/src/battery/install/battery/share/battery/package.dsv
-- Up-to-date: /home/mig/simulator/colcon_ws/src/battery/install/battery/share/ament_index/resource_index/packages/battery
-- Up-to-date: /home/mig/simulator/colcon_ws/src/battery/install/battery/share/battery/cmake/batteryConfig.cmake
-- Up-to-date: /home/mig/simulator/colcon_ws/src/battery/install/battery/share/battery/cmake/batteryConfig-version.cmake
-- Up-to-date: /home/mig/simulator/colcon_ws/src/battery/install/battery/share/battery/package.xml
