[0.006s] Invoking command in '/home/mig/simulator/colcon_ws/src/battery/build/battery': CMAKE_PREFIX_PATH=${CMAKE_PREFIX_PATH}:/home/mig/simulator/colcon_ws/install/v4l2ros2:/opt/ros/jazzy DEBUGINFOD_URLS=https://debuginfod.ubuntu.com /usr/bin/cmake --build /home/mig/simulator/colcon_ws/src/battery/build/battery -- -j32 -l32
[0.041s] [ 50%] [32mBuilding CXX object CMakeFiles/listener.dir/src/subscriber.cpp.o[0m
[3.578s] [100%] [32m[1mLinking CXX executable listener[0m
[3.699s] [100%] Built target listener
[3.710s] Invoked command in '/home/mig/simulator/colcon_ws/src/battery/build/battery' returned '0': CMAKE_PREFIX_PATH=${CMAKE_PREFIX_PATH}:/home/mig/simulator/colcon_ws/install/v4l2ros2:/opt/ros/jazzy DEBUGINFOD_URLS=https://debuginfod.ubuntu.com /usr/bin/cmake --build /home/mig/simulator/colcon_ws/src/battery/build/battery -- -j32 -l32
[3.716s] Invoking command in '/home/mig/simulator/colcon_ws/src/battery/build/battery': CMAKE_PREFIX_PATH=${CMAKE_PREFIX_PATH}:/home/mig/simulator/colcon_ws/install/v4l2ros2:/opt/ros/jazzy DEBUGINFOD_URLS=https://debuginfod.ubuntu.com /usr/bin/cmake --install /home/mig/simulator/colcon_ws/src/battery/build/battery
[3.720s] -- Install configuration: ""
[3.720s] -- Installing: /home/mig/simulator/colcon_ws/src/battery/install/battery/lib/battery/listener
[3.722s] -- Set non-toolchain portion of runtime path of "/home/mig/simulator/colcon_ws/src/battery/install/battery/lib/battery/listener" to ""
[3.722s] -- Up-to-date: /home/mig/simulator/colcon_ws/src/battery/install/battery/share/ament_index/resource_index/package_run_dependencies/battery
[3.722s] -- Up-to-date: /home/mig/simulator/colcon_ws/src/battery/install/battery/share/ament_index/resource_index/parent_prefix_path/battery
[3.722s] -- Up-to-date: /home/mig/simulator/colcon_ws/src/battery/install/battery/share/battery/environment/ament_prefix_path.sh
[3.722s] -- Up-to-date: /home/mig/simulator/colcon_ws/src/battery/install/battery/share/battery/environment/ament_prefix_path.dsv
[3.722s] -- Up-to-date: /home/mig/simulator/colcon_ws/src/battery/install/battery/share/battery/environment/path.sh
[3.722s] -- Up-to-date: /home/mig/simulator/colcon_ws/src/battery/install/battery/share/battery/environment/path.dsv
[3.722s] -- Up-to-date: /home/mig/simulator/colcon_ws/src/battery/install/battery/share/battery/local_setup.bash
[3.722s] -- Up-to-date: /home/mig/simulator/colcon_ws/src/battery/install/battery/share/battery/local_setup.sh
[3.722s] -- Up-to-date: /home/mig/simulator/colcon_ws/src/battery/install/battery/share/battery/local_setup.zsh
[3.722s] -- Up-to-date: /home/mig/simulator/colcon_ws/src/battery/install/battery/share/battery/local_setup.dsv
[3.722s] -- Installing: /home/mig/simulator/colcon_ws/src/battery/install/battery/share/battery/package.dsv
[3.722s] -- Up-to-date: /home/mig/simulator/colcon_ws/src/battery/install/battery/share/ament_index/resource_index/packages/battery
[3.722s] -- Up-to-date: /home/mig/simulator/colcon_ws/src/battery/install/battery/share/battery/cmake/batteryConfig.cmake
[3.722s] -- Up-to-date: /home/mig/simulator/colcon_ws/src/battery/install/battery/share/battery/cmake/batteryConfig-version.cmake
[3.722s] -- Up-to-date: /home/mig/simulator/colcon_ws/src/battery/install/battery/share/battery/package.xml
[3.723s] Invoked command in '/home/mig/simulator/colcon_ws/src/battery/build/battery' returned '0': CMAKE_PREFIX_PATH=${CMAKE_PREFIX_PATH}:/home/mig/simulator/colcon_ws/install/v4l2ros2:/opt/ros/jazzy DEBUGINFOD_URLS=https://debuginfod.ubuntu.com /usr/bin/cmake --install /home/mig/simulator/colcon_ws/src/battery/build/battery
