[0.007s] Invoking command in '/home/mig/simulator/colcon_ws/src/battery/build/battery': CMAKE_PREFIX_PATH=${CMAKE_PREFIX_PATH}:/home/mig/simulator/colcon_ws/install/v4l2ros2:/opt/ros/jazzy DEBUGINFOD_URLS=https://debuginfod.ubuntu.com /usr/bin/cmake /home/mig/simulator/colcon_ws/src/battery -DCMAKE_INSTALL_PREFIX=/home/mig/simulator/colcon_ws/src/battery/install/battery
[0.017s] -- Found ament_cmake: 2.5.4 (/opt/ros/jazzy/share/ament_cmake/cmake)
[0.136s] -- Found rclcpp: 28.1.13 (/opt/ros/jazzy/share/rclcpp/cmake)
[0.151s] -- Found rosidl_generator_c: 4.6.6 (/opt/ros/jazzy/share/rosidl_generator_c/cmake)
[0.155s] -- Found rosidl_generator_cpp: 4.6.6 (/opt/ros/jazzy/share/rosidl_generator_cpp/cmake)
[0.163s] -- Using all available rosidl_typesupport_c: rosidl_typesupport_fastrtps_c;rosidl_typesupport_introspection_c
[0.170s] -- Using all available rosidl_typesupport_cpp: rosidl_typesupport_fastrtps_cpp;rosidl_typesupport_introspection_cpp
[0.204s] -- Found rmw_implementation_cmake: 7.3.2 (/opt/ros/jazzy/share/rmw_implementation_cmake/cmake)
[0.205s] -- Found rmw_cyclonedds_cpp: 2.2.3 (/opt/ros/jazzy/share/rmw_cyclonedds_cpp/cmake)
[0.217s] -- Using RMW implementation 'rmw_cyclonedds_cpp' as default
[0.249s] -- Found std_msgs: 5.3.6 (/opt/ros/jazzy/share/std_msgs/cmake)
[0.303s] -- Configuring done (0.3s)
[0.308s] -- Generating done (0.0s)
[0.309s] -- Build files have been written to: /home/mig/simulator/colcon_ws/src/battery/build/battery
[0.314s] Invoked command in '/home/mig/simulator/colcon_ws/src/battery/build/battery' returned '0': CMAKE_PREFIX_PATH=${CMAKE_PREFIX_PATH}:/home/mig/simulator/colcon_ws/install/v4l2ros2:/opt/ros/jazzy DEBUGINFOD_URLS=https://debuginfod.ubuntu.com /usr/bin/cmake /home/mig/simulator/colcon_ws/src/battery -DCMAKE_INSTALL_PREFIX=/home/mig/simulator/colcon_ws/src/battery/install/battery
[0.315s] Invoking command in '/home/mig/simulator/colcon_ws/src/battery/build/battery': CMAKE_PREFIX_PATH=${CMAKE_PREFIX_PATH}:/home/mig/simulator/colcon_ws/install/v4l2ros2:/opt/ros/jazzy DEBUGINFOD_URLS=https://debuginfod.ubuntu.com /usr/bin/cmake --build /home/mig/simulator/colcon_ws/src/battery/build/battery -- -j32 -l32
[0.343s] [ 50%] [32mBuilding CXX object CMakeFiles/listener.dir/src/subscriber.cpp.o[0m
[3.781s] [100%] [32m[1mLinking CXX executable listener[0m
[3.911s] [100%] Built target listener
[3.918s] Invoked command in '/home/mig/simulator/colcon_ws/src/battery/build/battery' returned '0': CMAKE_PREFIX_PATH=${CMAKE_PREFIX_PATH}:/home/mig/simulator/colcon_ws/install/v4l2ros2:/opt/ros/jazzy DEBUGINFOD_URLS=https://debuginfod.ubuntu.com /usr/bin/cmake --build /home/mig/simulator/colcon_ws/src/battery/build/battery -- -j32 -l32
[3.923s] Invoking command in '/home/mig/simulator/colcon_ws/src/battery/build/battery': CMAKE_PREFIX_PATH=${CMAKE_PREFIX_PATH}:/home/mig/simulator/colcon_ws/install/v4l2ros2:/opt/ros/jazzy DEBUGINFOD_URLS=https://debuginfod.ubuntu.com /usr/bin/cmake --install /home/mig/simulator/colcon_ws/src/battery/build/battery
[3.928s] -- Install configuration: ""
[3.928s] -- Installing: /home/mig/simulator/colcon_ws/src/battery/install/battery/lib/battery/listener
[3.929s] -- Set non-toolchain portion of runtime path of "/home/mig/simulator/colcon_ws/src/battery/install/battery/lib/battery/listener" to ""
[3.929s] -- Installing: /home/mig/simulator/colcon_ws/src/battery/install/battery/share/ament_index/resource_index/package_run_dependencies/battery
[3.929s] -- Installing: /home/mig/simulator/colcon_ws/src/battery/install/battery/share/ament_index/resource_index/parent_prefix_path/battery
[3.930s] -- Installing: /home/mig/simulator/colcon_ws/src/battery/install/battery/share/battery/environment/ament_prefix_path.sh
[3.930s] -- Installing: /home/mig/simulator/colcon_ws/src/battery/install/battery/share/battery/environment/ament_prefix_path.dsv
[3.930s] -- Installing: /home/mig/simulator/colcon_ws/src/battery/install/battery/share/battery/environment/path.sh
[3.930s] -- Installing: /home/mig/simulator/colcon_ws/src/battery/install/battery/share/battery/environment/path.dsv
[3.930s] -- Installing: /home/mig/simulator/colcon_ws/src/battery/install/battery/share/battery/local_setup.bash
[3.930s] -- Installing: /home/mig/simulator/colcon_ws/src/battery/install/battery/share/battery/local_setup.sh
[3.930s] -- Installing: /home/mig/simulator/colcon_ws/src/battery/install/battery/share/battery/local_setup.zsh
[3.930s] -- Installing: /home/mig/simulator/colcon_ws/src/battery/install/battery/share/battery/local_setup.dsv
[3.930s] -- Installing: /home/mig/simulator/colcon_ws/src/battery/install/battery/share/battery/package.dsv
[3.930s] -- Installing: /home/mig/simulator/colcon_ws/src/battery/install/battery/share/ament_index/resource_index/packages/battery
[3.930s] -- Installing: /home/mig/simulator/colcon_ws/src/battery/install/battery/share/battery/cmake/batteryConfig.cmake
[3.930s] -- Installing: /home/mig/simulator/colcon_ws/src/battery/install/battery/share/battery/cmake/batteryConfig-version.cmake
[3.930s] -- Installing: /home/mig/simulator/colcon_ws/src/battery/install/battery/share/battery/package.xml
[3.931s] Invoked command in '/home/mig/simulator/colcon_ws/src/battery/build/battery' returned '0': CMAKE_PREFIX_PATH=${CMAKE_PREFIX_PATH}:/home/mig/simulator/colcon_ws/install/v4l2ros2:/opt/ros/jazzy DEBUGINFOD_URLS=https://debuginfod.ubuntu.com /usr/bin/cmake --install /home/mig/simulator/colcon_ws/src/battery/build/battery
